[debug] [2025-06-01T14:53:53.807Z] ----------------------------------------------------------------------
[debug] [2025-06-01T14:53:53.809Z] Command:       /usr/local/share/nvm/versions/node/v20.19.0/bin/node /workspaces/astro-firecms-firebase-template/node_modules/.bin/firebase init
[debug] [2025-06-01T14:53:53.809Z] CLI Version:   14.5.1
[debug] [2025-06-01T14:53:53.809Z] Platform:      linux
[debug] [2025-06-01T14:53:53.809Z] Node Version:  v20.19.0
[debug] [2025-06-01T14:53:53.809Z] Time:          Sun Jun 01 2025 14:53:53 GMT+0000 (Coordinated Universal Time)
[debug] [2025-06-01T14:53:53.809Z] Env Overrides: GITHUB_API_URL, GITHUB_API_URL
[debug] [2025-06-01T14:53:53.810Z] ----------------------------------------------------------------------
[debug] 
[debug] [2025-06-01T14:53:54.067Z] > command requires scopes: ["email","openid","https://www.googleapis.com/auth/cloudplatformprojects.readonly","https://www.googleapis.com/auth/firebase","https://www.googleapis.com/auth/cloud-platform"]
[debug] [2025-06-01T14:53:54.068Z] > authorizing via signed-in user (alynva@gmail.com)
[info] 
     ######## #### ########  ######## ########     ###     ######  ########
     ##        ##  ##     ## ##       ##     ##  ##   ##  ##       ##
     ######    ##  ########  ######   ########  #########  ######  ######
     ##        ##  ##    ##  ##       ##     ## ##     ##       ## ##
     ##       #### ##     ## ######## ########  ##     ##  ######  ########

You're about to initialize a Firebase project in this directory:

  /workspaces/astro-firecms-firebase-template

Before we get started, keep in mind:

  * You are currently outside your home directory
  * You are initializing within an existing Firebase project directory

[debug] [2025-06-01T14:53:57.089Z] ExitPromptError: User force closed the prompt with SIGINT
    at Interface.sigint (/workspaces/astro-firecms-firebase-template/node_modules/@inquirer/core/dist/commonjs/lib/create-prompt.js:101:37)
    at Interface.emit (node:events:524:28)
    at Interface.emit (node:domain:489:12)
    at [_ttyWrite] [as _ttyWrite] (node:internal/readline/interface:1125:18)
    at ReadStream.onkeypress (node:internal/readline/interface:264:20)
    at ReadStream.emit (node:events:536:35)
    at ReadStream.emit (node:domain:489:12)
    at emitKeys (node:internal/readline/utils:371:14)
    at emitKeys.next (<anonymous>)
    at ReadStream.onData (node:internal/readline/emitKeypressEvents:64:36)
[error] 
[error] Error: An unexpected error has occurred.
